<?xml version="1.0" encoding="UTF-8"?>
<beans xmlns="http://www.springframework.org/schema/beans"
	xmlns:xsi="http://www.w3.org/2001/XMLSchema-instance" xmlns:jdbc="http://www.springframework.org/schema/jdbc"
	xmlns:context="http://www.springframework.org/schema/context"
	xsi:schemaLocation="http://www.springframework.org/schema/beans
                           http://www.springframework.org/schema/beans/spring-beans.xsd http://www.springframework.org/schema/jdbc http://www.springframework.org/schema/jdbc/spring-jdbc.xsd http://www.springframework.org/schema/context http://www.springframework.org/schema/context/spring-context.xsd">

	<jdbc:embedded-database id="dataSource" type="H2">
		<jdbc:script location="classpath:/h2_testdatabase/books.pre_schema.sql" />
		<jdbc:script location="classpath:/h2_testdatabase/books.schema.sql" />
		<jdbc:script location="classpath:/h2_testdatabase/books.post_schema.sql" />
		<jdbc:script location="classpath:/h2_testdatabase/books.data.sql" />
	</jdbc:embedded-database>

</beans>